[01m[K/home/rm/catkin_ws/src/rm_65_robot/rm_65_demo/src/test_api_movel.cpp:[m[K In function ‘[01m[Kint main(int, char**)[m[K’:
[01m[K/home/rm/catkin_ws/src/rm_65_robot/rm_65_demo/src/test_api_movel.cpp:87:49:[m[K [01;35m[Kwarning: [m[K‘[01m[Kusing MoveItErrorCode = class moveit::core::MoveItErrorCode[m[K’ is deprecated: Use moveit::core::MoveItErrorCode [[01;35m[K-Wdeprecated-declarations[m[K]
   87 |     moveit::planning_interface::MoveItErrorCode [01;35m[KplanResult[m[K;
      |                                                 [01;35m[K^~~~~~~~~~[m[K
In file included from [01m[K/home/rm/catkin_ws/src/rm_65_robot/rm_65_demo/src/test_api_movel.cpp:5[m[K:
[01m[K/opt/ros/noetic/include/moveit/move_group_interface/move_group_interface.h:64:7:[m[K [01;36m[Knote: [m[Kdeclared here
   64 | using [01;36m[KMoveItErrorCode[m[K [[deprecated("Use moveit::core::MoveItErrorCode")]] = moveit::core::MoveItErrorCode;
      |       [01;36m[K^~~~~~~~~~~~~~~[m[K
[01m[K/home/rm/catkin_ws/src/rm_65_robot/rm_65_demo/src/pick_place_demo.cpp:[m[K In function ‘[01m[Kint main(int, char**)[m[K’:
[01m[K/home/rm/catkin_ws/src/rm_65_robot/rm_65_demo/src/pick_place_demo.cpp:92:49:[m[K [01;35m[Kwarning: [m[K‘[01m[Kusing MoveItErrorCode = class moveit::core::MoveItErrorCode[m[K’ is deprecated: Use moveit::core::MoveItErrorCode [[01;35m[K-Wdeprecated-declarations[m[K]
   92 |     moveit::planning_interface::MoveItErrorCode [01;35m[Ksuccess[m[K = group.plan(my_plan);
      |                                                 [01;35m[K^~~~~~~[m[K
In file included from [01m[K/home/rm/catkin_ws/src/rm_65_robot/rm_65_demo/src/pick_place_demo.cpp:5[m[K:
[01m[K/opt/ros/noetic/include/moveit/move_group_interface/move_group_interface.h:64:7:[m[K [01;36m[Knote: [m[Kdeclared here
   64 | using [01;36m[KMoveItErrorCode[m[K [[deprecated("Use moveit::core::MoveItErrorCode")]] = moveit::core::MoveItErrorCode;
      |       [01;36m[K^~~~~~~~~~~~~~~[m[K
[01m[K/home/rm/catkin_ws/src/rm_65_robot/rm_65_demo/src/pick_place_demo.cpp:155:53:[m[K [01;35m[Kwarning: [m[K‘[01m[Kusing MoveItErrorCode = class moveit::core::MoveItErrorCode[m[K’ is deprecated: Use moveit::core::MoveItErrorCode [[01;35m[K-Wdeprecated-declarations[m[K]
  155 |         moveit::planning_interface::MoveItErrorCode [01;35m[Ksuccess2[m[K = group.plan(my_plan2);
      |                                                     [01;35m[K^~~~~~~~[m[K
In file included from [01m[K/home/rm/catkin_ws/src/rm_65_robot/rm_65_demo/src/pick_place_demo.cpp:5[m[K:
[01m[K/opt/ros/noetic/include/moveit/move_group_interface/move_group_interface.h:64:7:[m[K [01;36m[Knote: [m[Kdeclared here
   64 | using [01;36m[KMoveItErrorCode[m[K [[deprecated("Use moveit::core::MoveItErrorCode")]] = moveit::core::MoveItErrorCode;
      |       [01;36m[K^~~~~~~~~~~~~~~[m[K
[01m[K/home/rm/catkin_ws/src/rm_65_robot/rm_65_demo/src/pick_place_demo.cpp:207:57:[m[K [01;35m[Kwarning: [m[K‘[01m[Kusing MoveItErrorCode = class moveit::core::MoveItErrorCode[m[K’ is deprecated: Use moveit::core::MoveItErrorCode [[01;35m[K-Wdeprecated-declarations[m[K]
  207 |             moveit::planning_interface::MoveItErrorCode [01;35m[Ksuccess3[m[K = group.plan(my_plan3);
      |                                                         [01;35m[K^~~~~~~~[m[K
In file included from [01m[K/home/rm/catkin_ws/src/rm_65_robot/rm_65_demo/src/pick_place_demo.cpp:5[m[K:
[01m[K/opt/ros/noetic/include/moveit/move_group_interface/move_group_interface.h:64:7:[m[K [01;36m[Knote: [m[Kdeclared here
   64 | using [01;36m[KMoveItErrorCode[m[K [[deprecated("Use moveit::core::MoveItErrorCode")]] = moveit::core::MoveItErrorCode;
      |       [01;36m[K^~~~~~~~~~~~~~~[m[K
[01m[K/home/rm/catkin_ws/src/rm_65_robot/rm_65_demo/src/desk_pour.cpp:[m[K In function ‘[01m[Kint main(int, char**)[m[K’:
[01m[K/home/rm/catkin_ws/src/rm_65_robot/rm_65_demo/src/desk_pour.cpp:101:49:[m[K [01;35m[Kwarning: [m[K‘[01m[Kusing MoveItErrorCode = class moveit::core::MoveItErrorCode[m[K’ is deprecated: Use moveit::core::MoveItErrorCode [[01;35m[K-Wdeprecated-declarations[m[K]
  101 |     moveit::planning_interface::MoveItErrorCode [01;35m[Ksuccess[m[K = group.plan(my_plan);
      |                                                 [01;35m[K^~~~~~~[m[K
In file included from [01m[K/home/rm/catkin_ws/src/rm_65_robot/rm_65_demo/src/desk_pour.cpp:5[m[K:
[01m[K/opt/ros/noetic/include/moveit/move_group_interface/move_group_interface.h:64:7:[m[K [01;36m[Knote: [m[Kdeclared here
   64 | using [01;36m[KMoveItErrorCode[m[K [[deprecated("Use moveit::core::MoveItErrorCode")]] = moveit::core::MoveItErrorCode;
      |       [01;36m[K^~~~~~~~~~~~~~~[m[K
[01m[K/home/rm/catkin_ws/src/rm_65_robot/rm_65_demo/src/desk_pour.cpp:184:53:[m[K [01;35m[Kwarning: [m[K‘[01m[Kusing MoveItErrorCode = class moveit::core::MoveItErrorCode[m[K’ is deprecated: Use moveit::core::MoveItErrorCode [[01;35m[K-Wdeprecated-declarations[m[K]
  184 |         moveit::planning_interface::MoveItErrorCode [01;35m[Ksuccess2[m[K = group.plan(my_plan2);
      |                                                     [01;35m[K^~~~~~~~[m[K
In file included from [01m[K/home/rm/catkin_ws/src/rm_65_robot/rm_65_demo/src/desk_pour.cpp:5[m[K:
[01m[K/opt/ros/noetic/include/moveit/move_group_interface/move_group_interface.h:64:7:[m[K [01;36m[Knote: [m[Kdeclared here
   64 | using [01;36m[KMoveItErrorCode[m[K [[deprecated("Use moveit::core::MoveItErrorCode")]] = moveit::core::MoveItErrorCode;
      |       [01;36m[K^~~~~~~~~~~~~~~[m[K
