[35m[1mScanning dependencies of target getArmState_publisher[0m
[35m[1mScanning dependencies of target api_teach_demo[0m
[  4%] [32mBuilding CXX object CMakeFiles/getArmState_publisher.dir/src/api_getArmCurrentState.cpp.o[0m
[  8%] [32mBuilding CXX object CMakeFiles/api_teach_demo.dir/src/api_teach_demo.cpp.o[0m
[ 12%] [32m[1mLinking CXX executable /home/rm/catkin_ws/devel/.private/rm_65_demo/lib/rm_65_demo/getArmState_publisher[0m
[ 16%] [32m[1mLinking CXX executable /home/rm/catkin_ws/devel/.private/rm_65_demo/lib/rm_65_demo/api_teach_demo[0m
[ 16%] Built target getArmState_publisher
[ 16%] Built target api_teach_demo
[35m[1mScanning dependencies of target api_Get_Arm_State_demo[0m
[35m[1mScanning dependencies of target api_ChangeWorkFrame_demo[0m
[ 20%] [32mBuilding CXX object CMakeFiles/api_Get_Arm_State_demo.dir/src/api_Get_Arm_State_demo.cpp.o[0m
[ 25%] [32mBuilding CXX object CMakeFiles/api_ChangeWorkFrame_demo.dir/src/api_ChangeWorkFrame_demo.cpp.o[0m
[35m[1mScanning dependencies of target api_ChangeToolName_demo[0m
[ 29%] [32mBuilding CXX object CMakeFiles/api_ChangeToolName_demo.dir/src/api_ChangeToolName_demo.cpp.o[0m
[ 33%] [32m[1mLinking CXX executable /home/rm/catkin_ws/devel/.private/rm_65_demo/lib/rm_65_demo/api_Get_Arm_State_demo[0m
[ 37%] [32m[1mLinking CXX executable /home/rm/catkin_ws/devel/.private/rm_65_demo/lib/rm_65_demo/api_ChangeWorkFrame_demo[0m
[ 41%] [32m[1mLinking CXX executable /home/rm/catkin_ws/devel/.private/rm_65_demo/lib/rm_65_demo/api_ChangeToolName_demo[0m
[ 41%] Built target api_ChangeWorkFrame_demo
[35m[1mScanning dependencies of target api_moveJ_P_demo[0m
[ 41%] Built target api_Get_Arm_State_demo
[ 45%] [32mBuilding CXX object CMakeFiles/api_moveJ_P_demo.dir/src/api_moveJ_P_demo.cpp.o[0m
[35m[1mScanning dependencies of target api_moveJ_demo[0m
[ 50%] [32mBuilding CXX object CMakeFiles/api_moveJ_demo.dir/src/api_moveJ_demo.cpp.o[0m
[ 50%] Built target api_ChangeToolName_demo
[35m[1mScanning dependencies of target test_api_movel[0m
[ 54%] [32mBuilding CXX object CMakeFiles/test_api_movel.dir/src/test_api_movel.cpp.o[0m
[35m[1mScanning dependencies of target planning_scene_ros_api_demo[0m
[ 58%] [32mBuilding CXX object CMakeFiles/planning_scene_ros_api_demo.dir/src/planning_scene_ros_api_demo.cpp.o[0m
[ 62%] [32m[1mLinking CXX executable /home/rm/catkin_ws/devel/.private/rm_65_demo/lib/rm_65_demo/api_moveJ_P_demo[0m
[ 66%] [32m[1mLinking CXX executable /home/rm/catkin_ws/devel/.private/rm_65_demo/lib/rm_65_demo/api_moveJ_demo[0m
[ 66%] Built target api_moveJ_P_demo
[35m[1mScanning dependencies of target pick_place_demo[0m
[ 66%] Built target api_moveJ_demo
[35m[1mScanning dependencies of target api_moveL_demo[0m
[ 70%] [32mBuilding CXX object CMakeFiles/api_moveL_demo.dir/src/api_moveL_demo.cpp.o[0m
[ 75%] [32mBuilding CXX object CMakeFiles/pick_place_demo.dir/src/pick_place_demo.cpp.o[0m
[01m[K/home/rm/catkin_ws/src/rm_65_robot/rm_65_demo/src/test_api_movel.cpp:[m[K In function ‘[01m[Kint main(int, char**)[m[K’:
[01m[K/home/rm/catkin_ws/src/rm_65_robot/rm_65_demo/src/test_api_movel.cpp:87:49:[m[K [01;35m[Kwarning: [m[K‘[01m[Kusing MoveItErrorCode = class moveit::core::MoveItErrorCode[m[K’ is deprecated: Use moveit::core::MoveItErrorCode [[01;35m[K-Wdeprecated-declarations[m[K]
   87 |     moveit::planning_interface::MoveItErrorCode [01;35m[KplanResult[m[K;
      |                                                 [01;35m[K^~~~~~~~~~[m[K
In file included from [01m[K/home/rm/catkin_ws/src/rm_65_robot/rm_65_demo/src/test_api_movel.cpp:5[m[K:
[01m[K/opt/ros/noetic/include/moveit/move_group_interface/move_group_interface.h:64:7:[m[K [01;36m[Knote: [m[Kdeclared here
   64 | using [01;36m[KMoveItErrorCode[m[K [[deprecated("Use moveit::core::MoveItErrorCode")]] = moveit::core::MoveItErrorCode;
      |       [01;36m[K^~~~~~~~~~~~~~~[m[K
[ 79%] [32m[1mLinking CXX executable /home/rm/catkin_ws/devel/.private/rm_65_demo/lib/rm_65_demo/api_moveL_demo[0m
[ 79%] Built target api_moveL_demo
[35m[1mScanning dependencies of target pour_water_demo[0m
[ 83%] [32mBuilding CXX object CMakeFiles/pour_water_demo.dir/src/desk_pour.cpp.o[0m
[01m[K/home/rm/catkin_ws/src/rm_65_robot/rm_65_demo/src/pick_place_demo.cpp:[m[K In function ‘[01m[Kint main(int, char**)[m[K’:
[01m[K/home/rm/catkin_ws/src/rm_65_robot/rm_65_demo/src/pick_place_demo.cpp:92:49:[m[K [01;35m[Kwarning: [m[K‘[01m[Kusing MoveItErrorCode = class moveit::core::MoveItErrorCode[m[K’ is deprecated: Use moveit::core::MoveItErrorCode [[01;35m[K-Wdeprecated-declarations[m[K]
   92 |     moveit::planning_interface::MoveItErrorCode [01;35m[Ksuccess[m[K = group.plan(my_plan);
      |                                                 [01;35m[K^~~~~~~[m[K
In file included from [01m[K/home/rm/catkin_ws/src/rm_65_robot/rm_65_demo/src/pick_place_demo.cpp:5[m[K:
[01m[K/opt/ros/noetic/include/moveit/move_group_interface/move_group_interface.h:64:7:[m[K [01;36m[Knote: [m[Kdeclared here
   64 | using [01;36m[KMoveItErrorCode[m[K [[deprecated("Use moveit::core::MoveItErrorCode")]] = moveit::core::MoveItErrorCode;
      |       [01;36m[K^~~~~~~~~~~~~~~[m[K
[01m[K/home/rm/catkin_ws/src/rm_65_robot/rm_65_demo/src/pick_place_demo.cpp:155:53:[m[K [01;35m[Kwarning: [m[K‘[01m[Kusing MoveItErrorCode = class moveit::core::MoveItErrorCode[m[K’ is deprecated: Use moveit::core::MoveItErrorCode [[01;35m[K-Wdeprecated-declarations[m[K]
  155 |         moveit::planning_interface::MoveItErrorCode [01;35m[Ksuccess2[m[K = group.plan(my_plan2);
      |                                                     [01;35m[K^~~~~~~~[m[K
In file included from [01m[K/home/rm/catkin_ws/src/rm_65_robot/rm_65_demo/src/pick_place_demo.cpp:5[m[K:
[01m[K/opt/ros/noetic/include/moveit/move_group_interface/move_group_interface.h:64:7:[m[K [01;36m[Knote: [m[Kdeclared here
   64 | using [01;36m[KMoveItErrorCode[m[K [[deprecated("Use moveit::core::MoveItErrorCode")]] = moveit::core::MoveItErrorCode;
      |       [01;36m[K^~~~~~~~~~~~~~~[m[K
[01m[K/home/rm/catkin_ws/src/rm_65_robot/rm_65_demo/src/pick_place_demo.cpp:207:57:[m[K [01;35m[Kwarning: [m[K‘[01m[Kusing MoveItErrorCode = class moveit::core::MoveItErrorCode[m[K’ is deprecated: Use moveit::core::MoveItErrorCode [[01;35m[K-Wdeprecated-declarations[m[K]
  207 |             moveit::planning_interface::MoveItErrorCode [01;35m[Ksuccess3[m[K = group.plan(my_plan3);
      |                                                         [01;35m[K^~~~~~~~[m[K
In file included from [01m[K/home/rm/catkin_ws/src/rm_65_robot/rm_65_demo/src/pick_place_demo.cpp:5[m[K:
[01m[K/opt/ros/noetic/include/moveit/move_group_interface/move_group_interface.h:64:7:[m[K [01;36m[Knote: [m[Kdeclared here
   64 | using [01;36m[KMoveItErrorCode[m[K [[deprecated("Use moveit::core::MoveItErrorCode")]] = moveit::core::MoveItErrorCode;
      |       [01;36m[K^~~~~~~~~~~~~~~[m[K
[ 87%] [32m[1mLinking CXX executable /home/rm/catkin_ws/devel/.private/rm_65_demo/lib/rm_65_demo/test_api_movel[0m
[ 87%] Built target test_api_movel
[ 91%] [32m[1mLinking CXX executable /home/rm/catkin_ws/devel/.private/rm_65_demo/lib/rm_65_demo/pick_place_demo[0m
[01m[K/home/rm/catkin_ws/src/rm_65_robot/rm_65_demo/src/desk_pour.cpp:[m[K In function ‘[01m[Kint main(int, char**)[m[K’:
[01m[K/home/rm/catkin_ws/src/rm_65_robot/rm_65_demo/src/desk_pour.cpp:101:49:[m[K [01;35m[Kwarning: [m[K‘[01m[Kusing MoveItErrorCode = class moveit::core::MoveItErrorCode[m[K’ is deprecated: Use moveit::core::MoveItErrorCode [[01;35m[K-Wdeprecated-declarations[m[K]
  101 |     moveit::planning_interface::MoveItErrorCode [01;35m[Ksuccess[m[K = group.plan(my_plan);
      |                                                 [01;35m[K^~~~~~~[m[K
In file included from [01m[K/home/rm/catkin_ws/src/rm_65_robot/rm_65_demo/src/desk_pour.cpp:5[m[K:
[01m[K/opt/ros/noetic/include/moveit/move_group_interface/move_group_interface.h:64:7:[m[K [01;36m[Knote: [m[Kdeclared here
   64 | using [01;36m[KMoveItErrorCode[m[K [[deprecated("Use moveit::core::MoveItErrorCode")]] = moveit::core::MoveItErrorCode;
      |       [01;36m[K^~~~~~~~~~~~~~~[m[K
[01m[K/home/rm/catkin_ws/src/rm_65_robot/rm_65_demo/src/desk_pour.cpp:184:53:[m[K [01;35m[Kwarning: [m[K‘[01m[Kusing MoveItErrorCode = class moveit::core::MoveItErrorCode[m[K’ is deprecated: Use moveit::core::MoveItErrorCode [[01;35m[K-Wdeprecated-declarations[m[K]
  184 |         moveit::planning_interface::MoveItErrorCode [01;35m[Ksuccess2[m[K = group.plan(my_plan2);
      |                                                     [01;35m[K^~~~~~~~[m[K
In file included from [01m[K/home/rm/catkin_ws/src/rm_65_robot/rm_65_demo/src/desk_pour.cpp:5[m[K:
[01m[K/opt/ros/noetic/include/moveit/move_group_interface/move_group_interface.h:64:7:[m[K [01;36m[Knote: [m[Kdeclared here
   64 | using [01;36m[KMoveItErrorCode[m[K [[deprecated("Use moveit::core::MoveItErrorCode")]] = moveit::core::MoveItErrorCode;
      |       [01;36m[K^~~~~~~~~~~~~~~[m[K
[ 91%] Built target pick_place_demo
[ 95%] [32m[1mLinking CXX executable /home/rm/catkin_ws/devel/.private/rm_65_demo/lib/rm_65_demo/planning_scene_ros_api_demo[0m
[ 95%] Built target planning_scene_ros_api_demo
[100%] [32m[1mLinking CXX executable /home/rm/catkin_ws/devel/.private/rm_65_demo/lib/rm_65_demo/pour_water_demo[0m
[100%] Built target pour_water_demo
